[debug] [2026-04-24T02:56:39.589Z] ----------------------------------------------------------------------
[debug] [2026-04-24T02:56:39.593Z] Command:       /usr/local/bin/node /usr/local/bin/firebase deploy --only firestore --debug
[debug] [2026-04-24T02:56:39.593Z] CLI Version:   15.15.0
[debug] [2026-04-24T02:56:39.593Z] Platform:      linux
[debug] [2026-04-24T02:56:39.594Z] Node Version:  v22.22.2
[debug] [2026-04-24T02:56:39.594Z] Time:          Fri Apr 24 2026 02:56:39 GMT+0000 (Coordinated Universal Time)
[debug] [2026-04-24T02:56:39.594Z] ----------------------------------------------------------------------
[debug] 
[debug] [2026-04-24T02:56:39.597Z] >>> [apiv2][query] GET https://firebase-public.firebaseio.com/cli.json [none]
[debug] [2026-04-24T02:56:44.386Z] > command requires scopes: ["email","openid","https://www.googleapis.com/auth/cloudplatformprojects.readonly","https://www.googleapis.com/auth/firebase","https://www.googleapis.com/auth/cloud-platform"]
[debug] [2026-04-24T02:56:44.428Z] Running auto auth
[debug] [2026-04-24T02:56:44.431Z] [iam] checking project print-society-series-266-b6206 for permissions ["datastore.indexes.create","datastore.indexes.delete","datastore.indexes.list","datastore.indexes.update","firebase.projects.get"]
[debug] [2026-04-24T02:56:44.432Z] No OAuth tokens found
[debug] [2026-04-24T02:56:44.432Z] >>> [apiv2][query] POST https://cloudresourcemanager.googleapis.com/v1/projects/print-society-series-266-b6206:testIamPermissions [none]
[debug] [2026-04-24T02:56:44.432Z] >>> [apiv2][(partial)header] POST https://cloudresourcemanager.googleapis.com/v1/projects/print-society-series-266-b6206:testIamPermissions  x-goog-user-project=print-society-series-266-b6206
[debug] [2026-04-24T02:56:44.432Z] >>> [apiv2][body] POST https://cloudresourcemanager.googleapis.com/v1/projects/print-society-series-266-b6206:testIamPermissions {"permissions":["datastore.indexes.create","datastore.indexes.delete","datastore.indexes.list","datastore.indexes.update","firebase.projects.get"]}
[debug] [2026-04-24T02:56:44.492Z] <<< [apiv2][status] GET https://firebase-public.firebaseio.com/cli.json 200
[debug] [2026-04-24T02:56:44.492Z] <<< [apiv2][body] GET https://firebase-public.firebaseio.com/cli.json {"cloudBuildErrorAfter":1594252800000,"cloudBuildWarnAfter":1590019200000,"defaultNode10After":1594252800000,"minVersion":"3.0.5","node8DeploysDisabledAfter":1613390400000,"node8RuntimeDisabledAfter":1615809600000,"node8WarnAfter":1600128000000}
[debug] [2026-04-24T02:56:44.545Z] <<< [apiv2][status] POST https://cloudresourcemanager.googleapis.com/v1/projects/print-society-series-266-b6206:testIamPermissions 403
[debug] [2026-04-24T02:56:44.546Z] <<< [apiv2][body] POST https://cloudresourcemanager.googleapis.com/v1/projects/print-society-series-266-b6206:testIamPermissions {"error":{"code":403,"message":"Caller does not have required permission to use project print-society-series-266-b6206. Grant the caller the roles/serviceusage.serviceUsageConsumer role, or a custom role with the serviceusage.services.use permission, by visiting https://console.developers.google.com/iam-admin/iam?project=print-society-series-266-b6206 and then retry. Propagation of the new permission may take a few minutes.","status":"PERMISSION_DENIED","details":[{"@type":"type.googleapis.com/google.rpc.ErrorInfo","reason":"USER_PROJECT_DENIED","domain":"googleapis.com","metadata":{"consoleUrl":"https://console.developers.google.com/iam-admin/iam?project=print-society-series-266-b6206","service":"cloudresourcemanager.googleapis.com","consumer":"projects/print-society-series-266-b6206","containerInfo":"print-society-series-266-b6206"}},{"@type":"type.googleapis.com/google.rpc.LocalizedMessage","locale":"en-US","message":"Caller does not have required permission to use project print-society-series-266-b6206. Grant the caller the roles/serviceusage.serviceUsageConsumer role, or a custom role with the serviceusage.services.use permission, by visiting https://console.developers.google.com/iam-admin/iam?project=print-society-series-266-b6206 and then retry. Propagation of the new permission may take a few minutes."},{"@type":"type.googleapis.com/google.rpc.Help","links":[{"description":"Google developer console IAM admin","url":"https://console.developers.google.com/iam-admin/iam?project=print-society-series-266-b6206"}]}]}}
[debug] [2026-04-24T02:56:44.548Z] [iam] error while checking permissions, command may fail: Request to https://cloudresourcemanager.googleapis.com/v1/projects/print-society-series-266-b6206:testIamPermissions had HTTP Error: 403, Caller does not have required permission to use project print-society-series-266-b6206. Grant the caller the roles/serviceusage.serviceUsageConsumer role, or a custom role with the serviceusage.services.use permission, by visiting https://console.developers.google.com/iam-admin/iam?project=print-society-series-266-b6206 and then retry. Propagation of the new permission may take a few minutes.
[info] 
[info] === Deploying to 'print-society-series-266-b6206'...
[info] 
[info] i  deploying firestore 
[info] i  firestore: ensuring required API firestore.googleapis.com is enabled... 
[debug] [2026-04-24T02:56:44.553Z] No OAuth tokens found
[debug] [2026-04-24T02:56:44.554Z] >>> [apiv2][query] GET https://serviceusage.googleapis.com/v1/projects/print-society-series-266-b6206/services/firestore.googleapis.com [none]
[debug] [2026-04-24T02:56:44.554Z] >>> [apiv2][(partial)header] GET https://serviceusage.googleapis.com/v1/projects/print-society-series-266-b6206/services/firestore.googleapis.com  x-goog-user-project=print-society-series-266-b6206
[debug] [2026-04-24T02:56:44.842Z] <<< [apiv2][status] GET https://serviceusage.googleapis.com/v1/projects/print-society-series-266-b6206/services/firestore.googleapis.com 403
[debug] [2026-04-24T02:56:44.843Z] <<< [apiv2][body] GET https://serviceusage.googleapis.com/v1/projects/print-society-series-266-b6206/services/firestore.googleapis.com [omitted]
[error] 
[error] Error: Request to https://serviceusage.googleapis.com/v1/projects/print-society-series-266-b6206/services/firestore.googleapis.com had HTTP Error: 403, Caller does not have required permission to use project print-society-series-266-b6206. Grant the caller the roles/serviceusage.serviceUsageConsumer role, or a custom role with the serviceusage.services.use permission, by visiting https://console.developers.google.com/iam-admin/iam?project=print-society-series-266-b6206 and then retry. Propagation of the new permission may take a few minutes.
[debug] [2026-04-24T02:56:44.845Z] Error Context: {
  "body": {
    "error": {
      "code": 403,
      "message": "Caller does not have required permission to use project print-society-series-266-b6206. Grant the caller the roles/serviceusage.serviceUsageConsumer role, or a custom role with the serviceusage.services.use permission, by visiting https://console.developers.google.com/iam-admin/iam?project=print-society-series-266-b6206 and then retry. Propagation of the new permission may take a few minutes.",
      "status": "PERMISSION_DENIED",
      "details": [
        {
          "@type": "type.googleapis.com/google.rpc.ErrorInfo",
          "reason": "USER_PROJECT_DENIED",
          "domain": "googleapis.com",
          "metadata": {
            "containerInfo": "print-society-series-266-b6206",
            "service": "serviceusage.googleapis.com",
            "consoleUrl": "https://console.developers.google.com/iam-admin/iam?project=print-society-series-266-b6206",
            "consumer": "projects/print-society-series-266-b6206"
          }
        },
        {
          "@type": "type.googleapis.com/google.rpc.LocalizedMessage",
          "locale": "en-US",
          "message": "Caller does not have required permission to use project print-society-series-266-b6206. Grant the caller the roles/serviceusage.serviceUsageConsumer role, or a custom role with the serviceusage.services.use permission, by visiting https://console.developers.google.com/iam-admin/iam?project=print-society-series-266-b6206 and then retry. Propagation of the new permission may take a few minutes."
        },
        {
          "@type": "type.googleapis.com/google.rpc.Help",
          "links": [
            {
              "description": "Google developer console IAM admin",
              "url": "https://console.developers.google.com/iam-admin/iam?project=print-society-series-266-b6206"
            }
          ]
        }
      ]
    }
  },
  "response": {
    "statusCode": 403
  }
}
